0 info it worked if it ends with ok
1 verbose cli [ '/home/josep/local/bin/node',
1 verbose cli   '/home/josep/local/bin/npm',
1 verbose cli   'publish' ]
2 info using npm@2.9.1
3 info using node@v0.12.3
4 verbose publish [ '.' ]
5 silly cache add args [ '.', null ]
6 verbose cache add spec .
7 silly cache add parsed spec { raw: '.',
7 silly cache add   scope: null,
7 silly cache add   name: null,
7 silly cache add   rawSpec: '.',
7 silly cache add   spec: '/home/josep/Documentos/whois2array',
7 silly cache add   type: 'directory' }
8 verbose addLocalDirectory /home/josep/.npm/whois2array/0.0.1/package.tgz not in flight; packing
9 verbose tar pack [ '/home/josep/.npm/whois2array/0.0.1/package.tgz',
9 verbose tar pack   '/home/josep/Documentos/whois2array' ]
10 verbose tarball /home/josep/.npm/whois2array/0.0.1/package.tgz
11 verbose folder /home/josep/Documentos/whois2array
12 info prepublish whois2array@0.0.1
13 verbose addLocalTarball adding from inside cache /home/josep/.npm/whois2array/0.0.1/package.tgz
14 silly cache afterAdd whois2array@0.0.1
15 verbose afterAdd /home/josep/.npm/whois2array/0.0.1/package/package.json not in flight; writing
16 verbose afterAdd /home/josep/.npm/whois2array/0.0.1/package/package.json written
17 silly publish { name: 'whois2array',
17 silly publish   version: '0.0.1',
17 silly publish   description: 'Make array from whois',
17 silly publish   main: 'index.js',
17 silly publish   scripts: { test: 'echo "Error: no test specified" && exit 1' },
17 silly publish   repository:
17 silly publish    { type: 'git',
17 silly publish      url: 'git+https://github.com/warlock/whois2array.git' },
17 silly publish   keywords: [ 'whois', 'array', 'json' ],
17 silly publish   author:
17 silly publish    { name: 'Josep Subils Rigau',
17 silly publish      email: 'octozon@gmail.com',
17 silly publish      url: 'http://octozon.com' },
17 silly publish   license: 'GPL',
17 silly publish   bugs: { url: 'https://github.com/warlock/whois2array/issues' },
17 silly publish   homepage: 'https://github.com/warlock/whois2array#readme',
17 silly publish   readme: '# whois2array\nNodeJS whois2array script\n',
17 silly publish   readmeFilename: 'README.md',
17 silly publish   gitHead: '290e61fb06412aa70bb9932d872f38c8cde3beca',
17 silly publish   _id: 'whois2array@0.0.1',
17 silly publish   _shasum: '59c0030b49494554b1c1e4018bf1df84bb9be260',
17 silly publish   _from: '.' }
18 verbose getPublishConfig undefined
19 silly mapToRegistry name whois2array
20 silly mapToRegistry using default registry
21 silly mapToRegistry registry https://registry.npmjs.org/
22 silly mapToRegistry uri https://registry.npmjs.org/whois2array
23 verbose publish registryBase https://registry.npmjs.org/
24 silly publish uploading /home/josep/.npm/whois2array/0.0.1/package.tgz
25 verbose request uri https://registry.npmjs.org/whois2array
26 verbose request sending authorization for write operation
27 info attempt registry request try #1 at 15:46:29
28 verbose request using bearer token for auth
29 verbose request id a3bbb83bd17bb1ce
30 http request PUT https://registry.npmjs.org/whois2array
31 http 403 https://registry.npmjs.org/whois2array
32 verbose headers { 'content-type': 'application/json',
32 verbose headers   'cache-control': 'max-age=60',
32 verbose headers   'content-length': '95',
32 verbose headers   'accept-ranges': 'bytes',
32 verbose headers   date: 'Wed, 17 Jun 2015 13:46:30 GMT',
32 verbose headers   via: '1.1 varnish',
32 verbose headers   connection: 'keep-alive',
32 verbose headers   'x-served-by': 'cache-lcy1121-LCY',
32 verbose headers   'x-cache': 'MISS',
32 verbose headers   'x-cache-hits': '0',
32 verbose headers   'x-timer': 'S1434548789.306219,VS0,VE965' }
33 verbose request invalidating /home/josep/.npm/registry.npmjs.org/whois2array on PUT
34 error publish Failed PUT 403
35 verbose stack Error: "You cannot publish over the previously published version 0.0.1." : whois2array
35 verbose stack     at CachingRegistryClient.<anonymous> (/home/josep/local/lib/node_modules/npm/node_modules/npm-registry-client/lib/request.js:247:14)
35 verbose stack     at Request._callback (/home/josep/local/lib/node_modules/npm/node_modules/npm-registry-client/lib/request.js:170:14)
35 verbose stack     at Request.self.callback (/home/josep/local/lib/node_modules/npm/node_modules/request/request.js:368:22)
35 verbose stack     at Request.emit (events.js:110:17)
35 verbose stack     at Request.<anonymous> (/home/josep/local/lib/node_modules/npm/node_modules/request/request.js:1219:14)
35 verbose stack     at Request.emit (events.js:129:20)
35 verbose stack     at IncomingMessage.<anonymous> (/home/josep/local/lib/node_modules/npm/node_modules/request/request.js:1167:12)
35 verbose stack     at IncomingMessage.emit (events.js:129:20)
35 verbose stack     at _stream_readable.js:908:16
35 verbose stack     at process._tickCallback (node.js:355:11)
36 verbose statusCode 403
37 verbose pkgid whois2array
38 verbose cwd /home/josep/Documentos/whois2array
39 error Linux 3.13.0-55-generic
40 error argv "/home/josep/local/bin/node" "/home/josep/local/bin/npm" "publish"
41 error node v0.12.3
42 error npm  v2.9.1
43 error code E403
44 error "You cannot publish over the previously published version 0.0.1." : whois2array
45 error If you need help, you may report this error at:
45 error     <https://github.com/npm/npm/issues>
46 verbose exit [ 1, true ]
